<?xml version="1.0" encoding="UTF-8"?>
<!-- Generated by org.testng.reporters.JUnitReportReporter -->
<testsuite hostname="LOGESH" failures="0" tests="1" name="com.UI.LoginTest.openLoginTest" time="8.467" errors="0" timestamp="2024-11-23T23:04:42 IST" skipped="0">
  <testcase classname="com.UI.LoginTest.openLoginTest" name="launchbrowserlogin" time="8.467"/>
</testsuite> <!-- com.UI.LoginTest.openLoginTest -->
